<?xml version="1.0" encoding="UTF-8"?>
<testsuite name="com.example.charging.kafka.ChargingEventProducerTest" tests="4" skipped="0" failures="0" errors="0" timestamp="2026-08-14T08:45:12.635Z" hostname="yanghaechan-ui-MacBookAir-2.local" time="0.441">
  <properties/>
  <testcase name="publishesMappedMessageToTheChargingEventsTopicWithTheSessionIdKey()" classname="com.example.charging.kafka.ChargingEventProducerTest" time="0.433"/>
  <testcase name="translatesBrokerExecutionFailuresToPublishExceptions()" classname="com.example.charging.kafka.ChargingEventProducerTest" time="0.002"/>
  <testcase name="translatesBrokerTimeoutsToPublishExceptions()" classname="com.example.charging.kafka.ChargingEventProducerTest" time="0.002"/>
  <testcase name="restoresTheInterruptedFlagWhenBrokerPublishIsInterrupted()" classname="com.example.charging.kafka.ChargingEventProducerTest" time="0.001"/>
  <system-out><![CDATA[]]></system-out>
  <system-err><![CDATA[Mockito is currently self-attaching to enable the inline-mock-maker. This will no longer work in future releases of the JDK. Please add Mockito as an agent to your build as described in Mockito's documentation: https://javadoc.io/doc/org.mockito/mockito-core/latest/org/mockito/Mockito.html#0.3
WARNING: A Java agent has been loaded dynamically (/Users/yanghaechan/.gradle/caches/modules-2/files-2.1/net.bytebuddy/byte-buddy-agent/1.17.7/fbf3d6d649ed37fc9e9c59480a05be0a26e3c2da/byte-buddy-agent-1.17.7.jar)
WARNING: If a serviceability tool is in use, please run with -XX:+EnableDynamicAgentLoading to hide this warning
WARNING: If a serviceability tool is not in use, please run with -Djdk.instrument.traceUsage for more information
WARNING: Dynamic loading of agents will be disallowed by default in a future release
]]></system-err>
</testsuite>
